<?xml version="1.0" encoding="UTF-8"?>
<!-- Generated by org.testng.reporters.JUnitReportReporter -->
<testsuite skipped="0" hostname="MSI" name="scripts.CarvanaTest" tests="6" failures="0" timestamp="19 Jan 2022 07:02:29 GMT" time="73.934" errors="0">
  <testcase name="validateTitleAndUrl" time="5.462" classname="scripts.CarvanaTest"/>
  <testcase name="validateLogoIsDisplayed" time="7.802" classname="scripts.CarvanaTest"/>
  <testcase name="validateCarvanaInfo" time="4.841" classname="scripts.CarvanaTest"/>
  <testcase name="validateErrorMessage" time="8.351" classname="scripts.CarvanaTest"/>
  <testcase name="ValidateTheSearchFilterOptionsAndSearchButton" time="14.928" classname="scripts.CarvanaTest"/>
  <testcase name="validateTheSearchResultTiles" time="32.550" classname="scripts.CarvanaTest"/>
</testsuite> <!-- scripts.CarvanaTest -->
